13/07/2020 10:19:18 pm - IMG CRON - Image: 237, Task: 1, Done
13/07/2020 10:19:26 pm - IMG CRON - Image: 282, Task: 2, Done
13/07/2020 10:19:42 pm - IMG CRON - Image: 133, Task: 3, Done
13/07/2020 10:19:50 pm - IMG CRON - Image: 138, Task: 4, Done
13/07/2020 10:25:36 pm - IMG CRON - Image: 142, Task: 5, Done
13/07/2020 10:25:44 pm - IMG CRON - Image: 145, Task: 6, Done
13/07/2020 10:26:06 pm - IMG CRON - Image: 272, Task: 7, Done
13/07/2020 10:26:18 pm - IMG CRON - Image: 203, Task: 8, Done
13/07/2020 11:18:54 pm - IMG CRON - Image: 278, Task: 9, Done
13/07/2020 11:19:03 pm - IMG CRON - Image: 285, Task: 10, Done
13/07/2020 11:19:21 pm - IMG CRON - Image: 286, Task: 11, Done
20/07/2020 11:50:53 am - IMG CRON - Image: 455, Task: 12, Done
20/07/2020 12:20:02 pm - IMG CRON - Image: 456, Task: 13, Done
20/07/2020 08:51:12 pm - IMG CRON - Image: 457, Task: 14, Done
20/07/2020 08:53:58 pm - IMG CRON - Image: 458, Task: 15, Fail, 0
20/07/2020 08:59:51 pm - IMG CRON - Image: 459, Task: 16, Done
20/07/2020 09:04:46 pm - IMG CRON - Image: 462, Task: 19, Fail, Array
(
)

20/07/2020 09:04:46 pm - IMG CRON - Image: 461, Task: 18, Fail, 0
20/07/2020 09:04:46 pm - IMG CRON - Image: 460, Task: 17, Fail, 0
20/07/2020 09:09:43 pm - IMG CRON - Image: 464, Task: 21, Done
20/07/2020 09:09:43 pm - IMG CRON - Image: 463, Task: 20, Fail, 0
20/07/2020 09:14:29 pm - IMG CRON - Image: 466, Task: 23, Fail, 0
20/07/2020 09:14:29 pm - IMG CRON - Image: 465, Task: 22, Fail, 0
20/07/2020 09:19:12 pm - IMG CRON - Image: 468, Task: 25, Fail, 0
20/07/2020 09:19:12 pm - IMG CRON - Image: 467, Task: 24, Fail, 0
20/07/2020 09:24:27 pm - IMG CRON - Image: 470, Task: 27, Done
20/07/2020 09:24:27 pm - IMG CRON - Image: 469, Task: 26, Fail, 0
20/07/2020 09:49:31 pm - IMG CRON - Image: 471, Task: 28, Done
20/07/2020 09:53:53 pm - IMG CRON - Image: 472, Task: 29, Fail, 0
20/07/2020 09:59:07 pm - IMG CRON - Image: 475, Task: 32, Done
20/07/2020 09:59:07 pm - IMG CRON - Image: 474, Task: 31, Fail, 0
20/07/2020 09:59:07 pm - IMG CRON - Image: 473, Task: 30, Fail, 0
20/07/2020 10:08:42 pm - IMG CRON - Image: 477, Task: 34, Fail, 0
20/07/2020 10:08:42 pm - IMG CRON - Image: 476, Task: 33, Fail, 0
20/07/2020 10:15:23 pm - IMG CRON - Image: 480, Task: 37, Done
20/07/2020 10:15:43 pm - IMG CRON - Image: 479, Task: 36, Done
20/07/2020 10:15:43 pm - IMG CRON - Image: 478, Task: 35, Fail, 0
20/07/2020 10:19:30 pm - IMG CRON - Image: 481, Task: 38, Done
20/07/2020 10:24:08 pm - IMG CRON - Image: 482, Task: 39, Fail, 0
20/07/2020 10:29:25 pm - IMG CRON - Image: 483, Task: 40, Fail, 
20/07/2020 10:54:18 pm - IMG CRON - Image: 487, Task: 44, Done
20/07/2020 10:54:18 pm - IMG CRON - Image: 486, Task: 43, Fail, 0
20/07/2020 10:54:18 pm - IMG CRON - Image: 485, Task: 42, Fail, 0
20/07/2020 10:54:18 pm - IMG CRON - Image: 484, Task: 41, Fail, 0
20/07/2020 11:00:42 pm - IMG CRON - Image: 489, Task: 46, Done
20/07/2020 11:00:42 pm - IMG CRON - Image: 488, Task: 45, Fail, 0
20/07/2020 11:04:17 pm - IMG CRON - Image: 491, Task: 48, Done
20/07/2020 11:04:17 pm - IMG CRON - Image: 490, Task: 47, Fail, 0
20/07/2020 11:09:00 pm - IMG CRON - Image: 494, Task: 51, Fail, 
20/07/2020 11:09:00 pm - IMG CRON - Image: 493, Task: 50, Fail, 0
20/07/2020 11:09:00 pm - IMG CRON - Image: 492, Task: 49, Fail, 0
20/07/2020 11:14:11 pm - IMG CRON - Image: 495, Task: 52, Fail, 
20/07/2020 11:19:18 pm - IMG CRON - Image: 496, Task: 53, Fail, 
20/07/2020 11:30:12 pm - IMG CRON - Image: 498, Task: 55, Done
20/07/2020 11:30:12 pm - IMG CRON - Image: 497, Task: 54, Fail, 0
20/07/2020 11:54:28 pm - IMG CRON - Image: 499, Task: 56, Done
20/07/2020 11:59:34 pm - IMG CRON - Image: 500, Task: 57, Done
21/07/2020 12:14:42 am - IMG CRON - Image: 502, Task: 59, Fail, 0
21/07/2020 12:14:42 am - IMG CRON - Image: 501, Task: 58, Fail, 0
21/07/2020 12:19:15 am - IMG CRON - Image: 503, Task: 60, Done
23/07/2020 12:35:20 am - IMG CRON - Image: 504, Task: 61, Fail, 
23/07/2020 12:39:38 am - IMG CRON - Image: 505, Task: 62, Fail, 0
23/07/2020 12:44:13 am - IMG CRON - Image: 506, Task: 63, Fail, 
23/07/2020 12:49:28 am - IMG CRON - Image: 507, Task: 64, Fail, 
23/07/2020 12:53:51 am - IMG CRON - Image: 508, Task: 65, Fail, 0
23/07/2020 01:00:06 am - IMG CRON - Image: 510, Task: 67, Done
23/07/2020 01:00:27 am - IMG CRON - Image: 509, Task: 66, Done
23/07/2020 01:04:40 am - IMG CRON - Image: 511, Task: 68, Fail, 
23/07/2020 01:09:21 am - IMG CRON - Image: 513, Task: 70, Done
23/07/2020 01:09:21 am - IMG CRON - Image: 512, Task: 69, Fail, 0
23/07/2020 01:14:06 am - IMG CRON - Image: 514, Task: 71, Done
23/07/2020 01:24:36 am - IMG CRON - Image: 516, Task: 73, Done
23/07/2020 01:24:36 am - IMG CRON - Image: 515, Task: 72, Fail, 0
23/07/2020 01:28:56 am - IMG CRON - Image: 517, Task: 74, Done
